\BOOKMARK [1][-]{section.1}{Introduction}{}% 1
\BOOKMARK [2][-]{subsection.1.1}{Summary}{section.1}% 2
\BOOKMARK [2][-]{subsection.1.2}{Preliminary\040Notation}{section.1}% 3
\BOOKMARK [1][-]{section.2}{DeepWalk}{}% 4
\BOOKMARK [2][-]{subsection.2.1}{Introduction\040to\040DeepWalk}{section.2}% 5
\BOOKMARK [2][-]{subsection.2.2}{SkipGram\040as\040Matrix\040Factorisation}{section.2}% 6
\BOOKMARK [3][-]{subsubsection.2.2.1}{Objective\040of\040SGNS}{subsection.2.2}% 7
\BOOKMARK [3][-]{subsubsection.2.2.2}{Finding\040the\040Similarity\040Function\040Learned\040by\040SkipGram}{subsection.2.2}% 8
\BOOKMARK [2][-]{subsection.2.3}{DeepWalk\040as\040Matrix\040Factorisation}{section.2}% 9
\BOOKMARK [1][-]{section.3}{Deep\040Drawbacks}{}% 10
\BOOKMARK [2][-]{subsection.3.1}{Orthogonal\040Invariance}{section.3}% 11
\BOOKMARK [3][-]{subsubsection.3.1.1}{Orthogonal\040Invariance\040in\040the\040Dynamic\040case\040to\040be\040put\040in\040Dynamic\040Drawbacks}{subsection.3.1}% 12
\BOOKMARK [2][-]{subsection.3.2}{Embedding\040Space\040Dimensionality}{section.3}% 13
\BOOKMARK [2][-]{subsection.3.3}{Exploring\040Local\040and\040Global\040Properties\040of\040Graphs}{section.3}% 14
\BOOKMARK [2][-]{subsection.3.4}{Capturing\040Structural\040Similarity}{section.3}% 15
\BOOKMARK [1][-]{section.4}{Dynamic\040DeepWalking}{}% 16
\BOOKMARK [2][-]{subsection.4.1}{Updating\040the\040Random\040Walk\040Corpus}{section.4}% 17
\BOOKMARK [3][-]{subsubsection.4.1.1}{Unbiased\040Update}{subsection.4.1}% 18
\BOOKMARK [2][-]{subsection.4.2}{Updating\040the\040Vertex\040Representations\040Efficiently}{section.4}% 19
\BOOKMARK [1][-]{section.5}{Conclusion}{}% 20
